<?xml version="1.0" encoding="UTF-8"?>
<!-- Generated by org.testng.reporters.JUnitReportReporter -->
<testsuite skipped="0" hostname="Abdusame" name="TestGet" tests="5" failures="0" timestamp="02 июн 2017 10:30:11 GMT" time="0.000" errors="0">
  <testcase name="testChangeMethod" time="0.000" classname="TestGet"/>
  <testcase name="testChangeMethod" time="0.000" classname="TestGet"/>
  <testcase name="testChangeMethod" time="0.000" classname="TestGet"/>
  <testcase name="testChangeMethod" time="0.000" classname="TestGet"/>
  <testcase name="testChangeMethod" time="0.000" classname="TestGet"/>
</testsuite> <!-- TestGet -->
