<?xml version="1.0" encoding="UTF-8"?>
<!-- Generated by org.testng.reporters.JUnitReportReporter -->
<testsuite skipped="0" hostname="Abdusame" name="TestChange" tests="1" failures="0" timestamp="02 июн 2017 10:30:11 GMT" time="0.021" errors="0">
  <testcase name="testGetMethod" time="0.021" classname="TestChange"/>
</testsuite> <!-- TestChange -->
